FID
IID
age
sex
Array
PC1
PC2
PC3
PC4
PC5
PC6
PC7
PC8
PC9
PC10
PC11
PC12
PC13
PC14
PC15
PC16
PC17
PC18
PC19
PC20
PC21
PC22
PC23
PC24
PC25
PC26
PC27
PC28
PC29
PC30
PC31
PC32
PC33
PC34
PC35
PC36
PC37
PC38
PC39
PC40
UrineSampleMinutes
TDI
DrawTime
DilutionFactorTimeZero
FastingTime
f.53.0.0_2006
f.53.0.0_2007.04
f.53.0.0_2007.05
f.53.0.0_2007.06
f.53.0.0_2007.07
f.53.0.0_2007.08
f.53.0.0_2007.09
f.53.0.0_2007.10
f.53.0.0_2007.11
f.53.0.0_2007.12
f.53.0.0_2008.01
f.53.0.0_2008.02
f.53.0.0_2008.03
f.53.0.0_2008.04
f.53.0.0_2008.05
f.53.0.0_2008.06
f.53.0.0_2008.07
f.53.0.0_2008.08
f.53.0.0_2008.09
f.53.0.0_2008.10
f.53.0.0_2008.11
f.53.0.0_2008.12
f.53.0.0_2009.01
f.53.0.0_2009.02
f.53.0.0_2009.03
f.53.0.0_2009.04
f.53.0.0_2009.05
f.53.0.0_2009.06
f.53.0.0_2009.07
f.53.0.0_2009.08
f.53.0.0_2009.09
f.53.0.0_2009.10
f.53.0.0_2009.11
f.53.0.0_2009.12
f.53.0.0_2010.01
f.53.0.0_2010.02
f.53.0.0_2010.03
f.53.0.0_2010.04
f.53.0.0_2010.05
f.53.0.0_2010.06
f.53.0.0_2010.07
f.53.0.0_2010.0810
f.54.0.0_10003
f.54.0.0_11001
f.54.0.0_11002
f.54.0.0_11003
f.54.0.0_11004
f.54.0.0_11005
f.54.0.0_11006
f.54.0.0_11007
f.54.0.0_11008
f.54.0.0_11009
f.54.0.0_11010
f.54.0.0_11011
f.54.0.0_11012
f.54.0.0_11013
f.54.0.0_11014
f.54.0.0_11016
f.54.0.0_11017
f.54.0.0_11018
f.54.0.0_11020
f.54.0.0_11021
f.54.0.0_11022
f.54.0.0_11023
ageIndicator
ageBin
Batch
Ethnicity
Microalbumin_in_urine
residual.Microalbumin_in_urine
Creatinine_in_urine
residual.Creatinine_in_urine
Potassium_in_urine
residual.Potassium_in_urine
Sodium_in_urine
residual.Sodium_in_urine
eGFR
f.30701.0.0
f.30702.0.0
residual.eGFR
Fasting_glucose
f.30741.0.0
f.30742.0.0
residual.Fasting_glucose
Non_albumin_protein
f.30601.0.0
f.30602.0.0
f.30861.0.0
f.30862.0.0
residual.Non_albumin_protein
Alanine_aminotransferase
f.30621.0.0
f.30622.0.0
residual.Alanine_aminotransferase
Albumin
residual.Albumin
Alkaline_phosphatase
f.30611.0.0
f.30612.0.0
residual.Alkaline_phosphatase
Apolipoprotein_A
f.30631.0.0
f.30632.0.0
residual.Apolipoprotein_A
Apolipoprotein_B
f.30641.0.0
f.30642.0.0
residual.Apolipoprotein_B
Aspartate_aminotransferase
f.30651.0.0
f.30652.0.0
residual.Aspartate_aminotransferase
C_reactive_protein
f.30711.0.0
f.30712.0.0
residual.C_reactive_protein
Calcium
f.30681.0.0
f.30682.0.0
residual.Calcium
Cholesterol
f.30691.0.0
f.30692.0.0
residual.Cholesterol
Creatinine
residual.Creatinine
Cystatin_C
f.30721.0.0
f.30722.0.0
residual.Cystatin_C
Direct_bilirubin
f.30661.0.0
f.30662.0.0
residual.Direct_bilirubin
Gamma_glutamyltransferase
f.30731.0.0
f.30732.0.0
residual.Gamma_glutamyltransferase
Glucose
residual.Glucose
Glycated_haemoglobin_HbA1c
f.30751.0.0
residual.Glycated_haemoglobin_HbA1c
HDL_cholesterol
f.30761.0.0
f.30762.0.0
residual.HDL_cholesterol
IGF_1
f.30771.0.0
f.30772.0.0
residual.IGF_1
LDL_direct
f.30781.0.0
f.30782.0.0
residual.LDL_direct
Lipoprotein_A
f.30791.0.0
f.30792.0.0
residual.Lipoprotein_A
Oestradiol
f.30801.0.0
f.30802.0.0
residual.Oestradiol
Phosphate
f.30811.0.0
f.30812.0.0
residual.Phosphate
Rheumatoid_factor
f.30821.0.0
f.30822.0.0
residual.Rheumatoid_factor
SHBG
f.30831.0.0
f.30832.0.0
residual.SHBG
Testosterone
f.30851.0.0
f.30852.0.0
residual.Testosterone
Total_bilirubin
f.30841.0.0
f.30842.0.0
residual.Total_bilirubin
Total_protein
residual.Total_protein
Triglycerides
f.30871.0.0
f.30872.0.0
residual.Triglycerides
Urate
f.30881.0.0
f.30882.0.0
residual.Urate
Urea
f.30671.0.0
f.30672.0.0
residual.Urea
Vitamin_D
f.30891.0.0
f.30892.0.0
residual.Vitamin_D
Apolipoprotein_B_adjstatins
residual.Apolipoprotein_B_adjstatins
Cholesterol_adjstatins
residual.Cholesterol_adjstatins
LDL_direct_adjstatins
residual.LDL_direct_adjstatins
